libs/config/checks/architecture/32.cpp:9:36: error: narrowing conversion of '-1' from 'int' to 'long unsigned int' [-Wnarrowing]
    9 | int test[sizeof(void*) == 4? 1 : -1];
      |                                    ^
libs/config/checks/architecture/32.cpp:9:28: error: size '-1' of array 'test' is negative
    9 | int test[sizeof(void*) == 4? 1 : -1];
      |          ~~~~~~~~~~~~~~~~~~^~~~~~~~

...failed updating 0 target...
libs/config/checks/architecture/arm.cpp:13:2: error: #error "Not ARM"
   13 | #error "Not ARM"
      |  ^~~~~

...failed updating 0 target...
libs/config/checks/architecture/loongarch.cpp:10:2: error: #error "Not LoongArch"
   10 | #error "Not LoongArch"
      |  ^~~~~

...failed updating 0 target...
libs/config/checks/architecture/mips.cpp:10:2: error: #error "Not MIPS"
   10 | #error "Not MIPS"
      |  ^~~~~

...failed updating 0 target...
libs/config/checks/architecture/power.cpp:13:2: error: #error "Not PPC"
   13 | #error "Not PPC"
      |  ^~~~~

...failed updating 0 target...
libs/config/checks/architecture/riscv.cpp:9:2: error: #error "Not RISC-V"
    9 | #error "Not RISC-V"
      |  ^~~~~

...failed updating 0 target...
libs/config/checks/architecture/s390x.cpp:10:2: error: #error "Not S390x"
   10 | #error "Not S390x"
      |  ^~~~~

...failed updating 0 target...
libs/config/checks/architecture/sparc.cpp:10:2: error: #error "Not SPARC"
   10 | #error "Not SPARC"
      |  ^~~~~

...failed updating 0 target...
=========================== END PREVIOUS CONFIG ======================
...found 1 target...
...found 186 targets...
...updating 7 targets...
gcc.compile.c++ bin.v2/libs/config/checks/gcc-13/debug/x86_64/cxxstd-11-iso/threading-multi/visibility-hidden/cxx11_constexpr.o

...updated 7 targets...
...found 1 target...
...updating 1 target...
gcc.compile.c++ bin.v2/libs/config/checks/gcc-13/debug/x86_64/cxxstd-11-iso/threading-multi/visibility-hidden/cxx11_decltype.o

...updated 1 target...
...found 1 target...
...updating 1 target...
gcc.compile.c++ bin.v2/libs/config/checks/gcc-13/debug/x86_64/cxxstd-11-iso/threading-multi/visibility-hidden/cxx11_hdr_tuple.o

...updated 1 target...
...found 1 target...
...updating 1 target...
gcc.compile.c++ bin.v2/libs/config/checks/gcc-13/debug/x86_64/cxxstd-11-iso/threading-multi/visibility-hidden/cxx11_template_aliases.o

...updated 1 target...
...found 1 target...
...updating 1 target...
gcc.compile.c++ bin.v2/libs/config/checks/gcc-13/debug/x86_64/cxxstd-11-iso/threading-multi/visibility-hidden/cxx11_variadic_templates.o

...updated 1 target...
...found 1 target...
...updating 1 target...
gcc.compile.c++ bin.v2/libs/config/checks/gcc-13/debug/x86_64/cxxstd-11-iso/threading-multi/visibility-hidden/cxx11_alignas.o

...updated 1 target...
...found 1 target...
...updating 1 target...
gcc.compile.c++ bin.v2/libs/config/checks/gcc-13/debug/x86_64/cxxstd-11-iso/threading-multi/visibility-hidden/cxx11_std_align.o

...updated 1 target...
...found 4 targets...
...updating 4 targets...
gcc.compile.c++ bin.v2/libs/config/checks/gcc-13/debug/x86_64/cxxstd-11-iso/exception-handling-off/threading-multi/visibility-hidden/cxx11_constexpr.o

...updated 4 targets...
...found 1 target...
...updating 1 target...
gcc.compile.c++ bin.v2/libs/config/checks/gcc-13/debug/x86_64/cxxstd-11-iso/exception-handling-off/threading-multi/visibility-hidden/cxx11_decltype.o

...updated 1 target...
...found 1 target...
...updating 1 target...
gcc.compile.c++ bin.v2/libs/config/checks/gcc-13/debug/x86_64/cxxstd-11-iso/exception-handling-off/threading-multi/visibility-hidden/cxx11_hdr_tuple.o

...updated 1 target...
...found 1 target...
...updating 1 target...
gcc.compile.c++ bin.v2/libs/config/checks/gcc-13/debug/x86_64/cxxstd-11-iso/exception-handling-off/threading-multi/visibility-hidden/cxx11_template_aliases.o

...updated 1 target...
...found 1 target...
...updating 1 target...
gcc.compile.c++ bin.v2/libs/config/checks/gcc-13/debug/x86_64/cxxstd-11-iso/exception-handling-off/threading-multi/visibility-hidden/cxx11_variadic_templates.o

...updated 1 target...
...found 1 target...
...updating 1 target...
gcc.compile.c++ bin.v2/libs/config/checks/gcc-13/debug/x86_64/cxxstd-11-iso/exception-handling-off/threading-multi/visibility-hidden/cxx11_alignas.o

...updated 1 target...
...found 1 target...
...updating 1 target...
gcc.compile.c++ bin.v2/libs/config/checks/gcc-13/debug/x86_64/cxxstd-11-iso/exception-handling-off/threading-multi/visibility-hidden/cxx11_std_align.o

...updated 1 target...
...found 1 target...
...updating 1 target...
config-cache.write bin.v2/project-cache.jam

...updated 1 target...
